<?xml version="1.0" encoding="utf-8"?><testsuites name="pytest tests"><testsuite name="pytest" errors="0" failures="0" skipped="0" tests="7" time="11.577" timestamp="2026-07-12T14:20:56.976650+00:00" hostname="agent-env-0c026aea-8286-4106-b99a-d0323167f5cf"><testcase classname="tests.test_bulk.TestBulkValidation" name="test_empty_items_400" time="0.294" /><testcase classname="tests.test_bulk.TestBulkValidation" name="test_over_limit_400" time="0.133" /><testcase classname="tests.test_bulk.TestBulkValidation" name="test_unauth_401" time="0.102" /><testcase classname="tests.test_bulk.TestBulkCreate" name="test_happy_path_creates_scheduled_posts" time="0.233" /><testcase classname="tests.test_bulk.TestBulkCreate" name="test_bulk_posts_appear_in_list_with_status_scheduled" time="0.111" /><testcase classname="tests.test_bulk.TestBulkCreate" name="test_partial_invalid_rows_reported" time="0.096" /><testcase classname="tests.test_bulk.TestBulkScheduler" name="test_past_scheduled_bulk_gets_autopublished" time="10.553" /></testsuite></testsuites>