<?xml version="1.0" encoding="utf-8"?><testsuites name="pytest tests"><testsuite name="pytest" errors="0" failures="1" skipped="0" tests="19" time="33.004" timestamp="2026-07-12T12:06:34.240493+00:00" hostname="agent-env-0c026aea-8286-4106-b99a-d0323167f5cf"><testcase classname="tests.backend_test.TestConnections" name="test_list_platforms" time="0.185" /><testcase classname="tests.backend_test.TestPublish" name="test_publish_now_text_success" time="0.379" /><testcase classname="tests.backend_test.TestConnections" name="test_connect_and_disconnect" time="0.459" /><testcase classname="tests.backend_test.TestConnections" name="test_connect_invalid_platform" time="0.200" /><testcase classname="tests.backend_test.TestConnections" name="test_ensure_youtube_tiktok_connected" time="0.373" /><testcase classname="tests.backend_test.TestPublish" name="test_publish_with_video_transcode" time="0.656"><failure message="AttributeError: module 'pytest' has no attribute 'media_id'">backend/tests/backend_test.py:158: in test_publish_with_video_transcode
    "media_ids": [pytest.media_id],
                  ^^^^^^^^^^^^^^^
E   AttributeError: module 'pytest' has no attribute 'media_id'</failure></testcase><testcase classname="tests.backend_test.TestPublish" name="test_publish_to_disconnected_platform_fails" time="0.221" /><testcase classname="tests.backend_test.TestAuth" name="test_me_with_token" time="0.136" /><testcase classname="tests.backend_test.TestPublish" name="test_retry_after_connecting" time="0.209" /><testcase classname="tests.backend_test.TestAuth" name="test_me_without_token_401" time="0.096" /><testcase classname="tests.backend_test.TestAuth" name="test_protected_endpoint_401" time="0.112" /><testcase classname="tests.backend_test.TestPublish" name="test_draft_then_publish" time="0.254" /><testcase classname="tests.backend_test.TestAnalytics" name="test_dashboard_stats" time="0.095" /><testcase classname="tests.backend_test.TestAnalytics" name="test_analytics_overview" time="0.125" /><testcase classname="tests.backend_test.TestMedia" name="test_upload_video_ffprobe_thumbnail" time="0.282" /><testcase classname="tests.backend_test.TestScheduling" name="test_schedule_past_gets_autopublished" time="25.860" /><testcase classname="tests.backend_test.TestMedia" name="test_serve_thumbnail" time="0.104" /><testcase classname="tests.backend_test.TestMedia" name="test_media_validate" time="0.116" /><testcase classname="tests.backend_test.TestAI" name="test_ai_generate" time="4.821" /></testsuite></testsuites>